<?xml version="1.0" encoding="UTF-8"?>
<!-- Generated by org.testng.reporters.JUnitReportReporter -->
<testsuite hostname="DESKTOP-SB2UTKP" failures="0" tests="2" name="testNGBankingSystem.TestNGPracticeClass" time="0.002" errors="0" timestamp="2023-02-23T16:16:29 IST" skipped="0">
  <testcase classname="testNGBankingSystem.TestNGPracticeClass" name="test1" time="0.001"/>
  <system-out/>
  <testcase classname="testNGBankingSystem.TestNGPracticeClass" name="test2" time="0.001"/>
  <system-out/>
</testsuite> <!-- testNGBankingSystem.TestNGPracticeClass -->
