<?xml version="1.0" encoding="UTF-8"?>
<!-- Generated by org.testng.reporters.JUnitReportReporter -->
<testsuite hostname="DESKTOP-SB2UTKP" failures="0" tests="1" name="testNGBankingSystem.InternetBankingTestM" time="86.168" errors="0" timestamp="2023-03-02T13:21:58 IST" skipped="0">
  <testcase classname="testNGBankingSystem.InternetBankingTestM" name="internetBanking" time="86.168"/>
  <system-out/>
</testsuite> <!-- testNGBankingSystem.InternetBankingTestM -->
